Connecting to database specified by database.yml
Compiled jquery.js  (1ms)  (pid 4420)
Compiled jquery_ujs.js  (0ms)  (pid 4420)
Compiled application.js  (42ms)  (pid 4420)
Connecting to database specified by database.yml
Compiled jquery.js  (1ms)  (pid 4486)
Compiled jquery_ujs.js  (0ms)  (pid 4486)
Compiled application.js  (41ms)  (pid 4486)
Connecting to database specified by database.yml
Compiled jquery.js  (1ms)  (pid 4518)
Compiled jquery_ujs.js  (0ms)  (pid 4518)
Compiled application.js  (41ms)  (pid 4518)
Connecting to database specified by database.yml
Compiled jquery.js  (1ms)  (pid 4562)
Compiled jquery_ujs.js  (0ms)  (pid 4562)
Compiled application.js  (12ms)  (pid 4562)
Compiled bootstrap-transition.js  (0ms)  (pid 4562)
Compiled bootstrap-affix.js  (0ms)  (pid 4562)
Compiled bootstrap-alert.js  (0ms)  (pid 4562)
Compiled bootstrap-button.js  (0ms)  (pid 4562)
Compiled bootstrap-carousel.js  (0ms)  (pid 4562)
Compiled bootstrap-collapse.js  (0ms)  (pid 4562)
Compiled bootstrap-dropdown.js  (0ms)  (pid 4562)
Compiled bootstrap-modal.js  (0ms)  (pid 4562)
Compiled bootstrap-scrollspy.js  (0ms)  (pid 4562)
Compiled bootstrap-tab.js  (0ms)  (pid 4562)
Compiled bootstrap-tooltip.js  (0ms)  (pid 4562)
Compiled bootstrap-popover.js  (0ms)  (pid 4562)
Compiled bootstrap-typeahead.js  (0ms)  (pid 4562)
Compiled bootstrap.js  (95ms)  (pid 4562)
Compiled chipvrn/fancybox/jquery.easing-1.3.js  (0ms)  (pid 4562)
Compiled chipvrn/fancybox/jquery.fancybox.pack.js  (0ms)  (pid 4562)
Compiled chipvrn/html5.js  (0ms)  (pid 4562)
Compiled chipvrn/jquery-1.7.min.js  (3ms)  (pid 4562)
Compiled chipvrn/jquery.easing.1.3.js  (0ms)  (pid 4562)
Compiled chipvrn/tms-0.4.1.js  (0ms)  (pid 4562)
Compiled chipvrn/application.js  (174ms)  (pid 4562)
Compiled reset.css  (0ms)  (pid 4562)
Compiled style.css  (255ms)  (pid 4562)
Compiled grid.css  (46ms)  (pid 4562)
Compiled application.css  (311ms)  (pid 4562)
Connecting to database specified by database.yml
Compiled jquery.js  (1ms)  (pid 4638)
Compiled jquery_ujs.js  (0ms)  (pid 4638)
Compiled application.js  (41ms)  (pid 4638)
Compiled bootstrap-transition.js  (0ms)  (pid 4638)
Compiled bootstrap-affix.js  (0ms)  (pid 4638)
Compiled bootstrap-alert.js  (0ms)  (pid 4638)
Compiled bootstrap-button.js  (1ms)  (pid 4638)
Compiled bootstrap-carousel.js  (0ms)  (pid 4638)
Compiled bootstrap-collapse.js  (0ms)  (pid 4638)
Compiled bootstrap-dropdown.js  (0ms)  (pid 4638)
Compiled bootstrap-modal.js  (0ms)  (pid 4638)
Compiled bootstrap-scrollspy.js  (0ms)  (pid 4638)
Compiled bootstrap-tab.js  (0ms)  (pid 4638)
Compiled bootstrap-tooltip.js  (0ms)  (pid 4638)
Compiled bootstrap-popover.js  (0ms)  (pid 4638)
Compiled bootstrap-typeahead.js  (0ms)  (pid 4638)
Compiled bootstrap.js  (106ms)  (pid 4638)
Compiled chipvrn/fancybox/jquery.easing-1.3.js  (0ms)  (pid 4638)
Compiled chipvrn/fancybox/jquery.fancybox.pack.js  (0ms)  (pid 4638)
Compiled chipvrn/html5.js  (0ms)  (pid 4638)
Compiled chipvrn/jquery-1.7.min.js  (1ms)  (pid 4638)
Compiled chipvrn/jquery.easing.1.3.js  (0ms)  (pid 4638)
Compiled chipvrn/tms-0.4.1.js  (0ms)  (pid 4638)
Compiled chipvrn/application.js  (172ms)  (pid 4638)
Compiled reset.css  (0ms)  (pid 4638)
Compiled style.css  (231ms)  (pid 4638)
Compiled grid.css  (46ms)  (pid 4638)
Compiled application.css  (318ms)  (pid 4638)
Connecting to database specified by database.yml
Compiled jquery.js  (1ms)  (pid 4806)
Compiled jquery_ujs.js  (0ms)  (pid 4806)
Compiled application.js  (15ms)  (pid 4806)
Compiled bootstrap-transition.js  (0ms)  (pid 4806)
Compiled bootstrap-affix.js  (0ms)  (pid 4806)
Compiled bootstrap-alert.js  (0ms)  (pid 4806)
Compiled bootstrap-button.js  (0ms)  (pid 4806)
Compiled bootstrap-carousel.js  (0ms)  (pid 4806)
Compiled bootstrap-collapse.js  (0ms)  (pid 4806)
Compiled bootstrap-dropdown.js  (0ms)  (pid 4806)
Compiled bootstrap-modal.js  (0ms)  (pid 4806)
Compiled bootstrap-scrollspy.js  (0ms)  (pid 4806)
Compiled bootstrap-tab.js  (0ms)  (pid 4806)
Compiled bootstrap-tooltip.js  (0ms)  (pid 4806)
Compiled bootstrap-popover.js  (0ms)  (pid 4806)
Compiled bootstrap-typeahead.js  (0ms)  (pid 4806)
Compiled bootstrap.js  (96ms)  (pid 4806)
Compiled chipvrn/fancybox/jquery.easing-1.3.js  (0ms)  (pid 4806)
Compiled chipvrn/fancybox/jquery.fancybox.pack.js  (0ms)  (pid 4806)
Compiled chipvrn/html5.js  (0ms)  (pid 4806)
Compiled chipvrn/jquery-1.7.min.js  (1ms)  (pid 4806)
Compiled chipvrn/jquery.easing.1.3.js  (0ms)  (pid 4806)
Compiled chipvrn/tms-0.4.1.js  (27ms)  (pid 4806)
Compiled chipvrn/application.js  (156ms)  (pid 4806)
Compiled reset.css  (0ms)  (pid 4806)
Compiled style.css  (300ms)  (pid 4806)
Compiled grid.css  (56ms)  (pid 4806)
Compiled application.css  (368ms)  (pid 4806)
Compiled chipvrn/ie.css  (0ms)  (pid 4806)
Compiled chipvrn/reset.css  (0ms)  (pid 4806)
Compiled chipvrn/slider.css  (0ms)  (pid 4806)
Compiled chipvrn/style.css  (89ms)  (pid 4806)
Compiled chipvrn/application.css  (103ms)  (pid 4806)
Compiled rails_admin/rails_admin_nestable.css  (0ms)  (pid 4806)
Compiled rails_admin/jquery.nestable.js  (1ms)  (pid 4806)
Compiled rails_admin/rails_admin_nestable.js  (98ms)  (pid 4806)
Compiled rails_admin/jquery.colorpicker.js  (0ms)  (pid 4806)
Compiled jquery.iframe-transport.js  (0ms)  (pid 4806)
Compiled rails_admin/jquery.remotipart.fixed.js  (5ms)  (pid 4806)
Compiled jquery.ui.effect.js  (0ms)  (pid 4806)
Compiled jquery.ui.core.js  (2ms)  (pid 4806)
Compiled jquery.ui.widget.js  (0ms)  (pid 4806)
Compiled jquery.ui.mouse.js  (4ms)  (pid 4806)
Compiled jquery.ui.sortable.js  (22ms)  (pid 4806)
Compiled jquery.ui.position.js  (0ms)  (pid 4806)
Compiled jquery.ui.menu.js  (8ms)  (pid 4806)
Compiled jquery.ui.autocomplete.js  (20ms)  (pid 4806)
Compiled jquery.ui.datepicker.js  (2ms)  (pid 4806)
Compiled rails_admin/jquery.ui.timepicker.js  (0ms)  (pid 4806)
Compiled rails_admin/ra.datetimepicker.js  (0ms)  (pid 4806)
Compiled rails_admin/ra.filter-box.js  (0ms)  (pid 4806)
Compiled rails_admin/ra.filtering-multiselect.js  (0ms)  (pid 4806)
Compiled rails_admin/ra.filtering-select.js  (0ms)  (pid 4806)
Compiled rails_admin/ra.remote-form.js  (0ms)  (pid 4806)
Compiled rails_admin/jquery.pjax.js  (0ms)  (pid 4806)
Compiled jquery_nested_form.js  (0ms)  (pid 4806)
Compiled rails_admin/ra.nested-form-hooks.js  (24ms)  (pid 4806)
Compiled rails_admin/ra.widgets.js  (92ms)  (pid 4806)
Compiled rails_admin/ui.js  (32ms)  (pid 4806)
Compiled rails_admin/custom/ui.js  (2ms)  (pid 4806)
Compiled rails_admin/rails_admin.js  (374ms)  (pid 4806)
Compiled rails_admin/jquery.colorpicker.css  (26ms)  (pid 4806)
Compiled rails_admin/rails_admin.css  (4344ms)  (pid 4806)
Compiled ckeditor/filebrowser/javascripts/jquery.min.js  (1ms)  (pid 4806)
Compiled ckeditor/filebrowser/javascripts/jquery.tmpl.min.js  (0ms)  (pid 4806)
Compiled ckeditor/filebrowser/javascripts/fileuploader.js  (0ms)  (pid 4806)
Compiled ckeditor/filebrowser/javascripts/rails.js  (0ms)  (pid 4806)
Compiled ckeditor/filebrowser/javascripts/application.js  (0ms)  (pid 4806)
Compiled ckeditor/application.js  (69ms)  (pid 4806)
Compiled ckeditor/filebrowser/stylesheets/uploader.css  (0ms)  (pid 4806)
Compiled ckeditor/application.css  (9ms)  (pid 4806)
Connecting to database specified by database.yml
Compiled jquery.js  (1ms)  (pid 4806)
Compiled jquery_ujs.js  (0ms)  (pid 4806)
Compiled application.js  (45ms)  (pid 4806)
Compiled bootstrap-transition.js  (0ms)  (pid 4806)
Compiled bootstrap-affix.js  (0ms)  (pid 4806)
Compiled bootstrap-alert.js  (0ms)  (pid 4806)
Compiled bootstrap-button.js  (0ms)  (pid 4806)
Compiled bootstrap-carousel.js  (0ms)  (pid 4806)
Compiled bootstrap-collapse.js  (0ms)  (pid 4806)
Compiled bootstrap-dropdown.js  (0ms)  (pid 4806)
Compiled bootstrap-modal.js  (0ms)  (pid 4806)
Compiled bootstrap-scrollspy.js  (0ms)  (pid 4806)
Compiled bootstrap-tab.js  (0ms)  (pid 4806)
Compiled bootstrap-tooltip.js  (0ms)  (pid 4806)
Compiled bootstrap-popover.js  (0ms)  (pid 4806)
Compiled bootstrap-typeahead.js  (0ms)  (pid 4806)
Compiled bootstrap.js  (113ms)  (pid 4806)
Compiled chipvrn/fancybox/jquery.easing-1.3.js  (0ms)  (pid 4806)
Compiled chipvrn/fancybox/jquery.fancybox.pack.js  (0ms)  (pid 4806)
Compiled chipvrn/html5.js  (0ms)  (pid 4806)
Compiled chipvrn/jquery-1.7.min.js  (1ms)  (pid 4806)
Compiled chipvrn/jquery.easing.1.3.js  (0ms)  (pid 4806)
Compiled chipvrn/tms-0.4.1.js  (0ms)  (pid 4806)
Compiled chipvrn/application.js  (176ms)  (pid 4806)
Compiled reset.css  (0ms)  (pid 4806)
Compiled style.css  (311ms)  (pid 4806)
Compiled grid.css  (50ms)  (pid 4806)
Compiled application.css  (371ms)  (pid 4806)
Compiled chipvrn/ie.css  (0ms)  (pid 4806)
Compiled chipvrn/reset.css  (0ms)  (pid 4806)
Compiled chipvrn/slider.css  (0ms)  (pid 4806)
Compiled chipvrn/style.css  (92ms)  (pid 4806)
Compiled chipvrn/application.css  (109ms)  (pid 4806)
Compiled rails_admin/rails_admin_nestable.css  (0ms)  (pid 4806)
Compiled rails_admin/jquery.nestable.js  (0ms)  (pid 4806)
Compiled rails_admin/rails_admin_nestable.js  (91ms)  (pid 4806)
Compiled rails_admin/jquery.colorpicker.js  (0ms)  (pid 4806)
Compiled jquery.iframe-transport.js  (0ms)  (pid 4806)
Compiled rails_admin/jquery.remotipart.fixed.js  (39ms)  (pid 4806)
Compiled jquery.ui.effect.js  (0ms)  (pid 4806)
Compiled jquery.ui.core.js  (2ms)  (pid 4806)
Compiled jquery.ui.widget.js  (0ms)  (pid 4806)
Compiled jquery.ui.mouse.js  (3ms)  (pid 4806)
Compiled jquery.ui.sortable.js  (20ms)  (pid 4806)
Compiled jquery.ui.position.js  (0ms)  (pid 4806)
Compiled jquery.ui.menu.js  (7ms)  (pid 4806)
Compiled jquery.ui.autocomplete.js  (18ms)  (pid 4806)
Compiled jquery.ui.datepicker.js  (2ms)  (pid 4806)
Compiled rails_admin/jquery.ui.timepicker.js  (0ms)  (pid 4806)
Compiled rails_admin/ra.datetimepicker.js  (0ms)  (pid 4806)
Compiled rails_admin/ra.filter-box.js  (0ms)  (pid 4806)
Compiled rails_admin/ra.filtering-multiselect.js  (0ms)  (pid 4806)
Compiled rails_admin/ra.filtering-select.js  (0ms)  (pid 4806)
Compiled rails_admin/ra.remote-form.js  (0ms)  (pid 4806)
Compiled rails_admin/jquery.pjax.js  (0ms)  (pid 4806)
Compiled jquery_nested_form.js  (0ms)  (pid 4806)
Compiled rails_admin/ra.nested-form-hooks.js  (27ms)  (pid 4806)
Compiled rails_admin/ra.widgets.js  (108ms)  (pid 4806)
Compiled rails_admin/ui.js  (26ms)  (pid 4806)
Compiled rails_admin/custom/ui.js  (0ms)  (pid 4806)
Compiled rails_admin/rails_admin.js  (363ms)  (pid 4806)
Compiled rails_admin/jquery.colorpicker.css  (46ms)  (pid 4806)
Compiled rails_admin/rails_admin.css  (4195ms)  (pid 4806)
Compiled ckeditor/filebrowser/javascripts/jquery.min.js  (1ms)  (pid 4806)
Compiled ckeditor/filebrowser/javascripts/jquery.tmpl.min.js  (0ms)  (pid 4806)
Compiled ckeditor/filebrowser/javascripts/fileuploader.js  (1ms)  (pid 4806)
Compiled ckeditor/filebrowser/javascripts/rails.js  (0ms)  (pid 4806)
Compiled ckeditor/filebrowser/javascripts/application.js  (0ms)  (pid 4806)
Compiled ckeditor/application.js  (33ms)  (pid 4806)
Compiled ckeditor/filebrowser/stylesheets/uploader.css  (0ms)  (pid 4806)
Compiled ckeditor/application.css  (8ms)  (pid 4806)
